Resolving dependencies...
Downloading packages...
  _fe_analyzer_shared 67.0.0 (92.0.0 available)
  analyzer 6.4.1 (9.0.0 available)
  build 2.4.1 (4.0.3 available)
  build_config 1.1.2 (1.2.0 available)
  build_resolvers 2.4.2 (3.0.4 available)
  build_runner 2.4.13 (2.10.4 available)
  build_runner_core 7.3.2 (9.3.2 available)
  characters 1.4.0 (1.4.1 available)
  dart_style 2.3.6 (3.1.3 available)
  file_picker 8.3.7 (10.3.7 available)
  fl_chart 0.68.0 (1.1.1 available)
  flutter_launcher_icons 0.13.1 (0.14.4 available)
  google_sign_in 6.3.0 (7.2.0 available)
  google_sign_in_android 6.2.1 (7.2.7 available)
  google_sign_in_ios 5.9.0 (6.2.4 available)
  google_sign_in_platform_interface 2.5.0 (3.1.0 available)
  google_sign_in_web 0.12.4+4 (1.1.0 available)
  googleapis 13.2.0 (15.0.0 available)
  googleapis_auth 1.6.0 (2.0.0 available)
  image_picker_ios 0.8.13+2 (0.8.13+3 available)
  matcher 0.12.17 (0.12.18 available)
  material_color_utilities 0.11.1 (0.13.0 available)
  objective_c 9.1.0 (9.2.1 available)
  path_provider_foundation 2.5.0 (retracted, 2.5.1 available)
  shared_preferences 2.5.3 (2.5.4 available)
  shelf_web_socket 2.0.1 (3.0.0 available)
  source_gen 1.5.0 (4.1.1 available)
  source_helper 1.3.5 (1.3.9 available)
  test_api 0.7.7 (0.7.8 available)
  timezone 0.9.4 (0.10.1 available)
Got dependencies!
30 packages have newer versions incompatible with dependency constraints.
Try `flutter pub outdated` for more information.
Running Gradle task 'assembleRelease'...                        
lib/screens/home_screen.dart:38:8: Error: Error when reading 'lib/screens/settings/category_screen.dart': O sistema n├úo pode encontrar o arquivo especificado.

import 'settings/category_screen.dart';
       ^
lib/screens/home_screen.dart:41:8: Error: Error when reading 'lib/screens/settings/data_management_screen.dart': O sistema n├úo pode encontrar o arquivo especificado.

import 'settings/data_management_screen.dart';
       ^
lib/screens/home_screen.dart:42:8: Error: Error when reading 'lib/screens/settings/settings_screen.dart': O sistema n├úo pode encontrar o arquivo especificado.

import 'settings/settings_screen.dart';
       ^
lib/screens/home_screen.dart:43:8: Error: Error when reading 'lib/screens/settings/help_screen.dart': O sistema n├úo pode encontrar o arquivo especificado.

import 'settings/help_screen.dart';
       ^
lib/widgets/app_drawer.dart:3:8: Error: Error when reading 'lib/screens/settings/settings_screen.dart': O sistema n├úo pode encontrar o arquivo especificado.

import '../screens/settings/settings_screen.dart';
       ^
lib/widgets/app_drawer.dart:4:8: Error: Error when reading 'lib/screens/settings/category_screen.dart': O sistema n├úo pode encontrar o arquivo especificado.

import '../screens/settings/category_screen.dart';
       ^
lib/widgets/app_drawer.dart:5:8: Error: Error when reading 'lib/screens/settings/data_management_screen.dart': O sistema n├úo pode encontrar o arquivo especificado.

import '../screens/settings/data_management_screen.dart';
       ^
lib/widgets/app_drawer.dart:6:8: Error: Error when reading 'lib/screens/settings/help_screen.dart': O sistema n├úo pode encontrar o arquivo especificado.

import '../screens/settings/help_screen.dart';
       ^
lib/screens/home_screen.dart:561:39: Error: Not a constant expression.
                      _navigate(const SettingsScreen());
                                      ^^^^^^^^^^^^^^
lib/screens/home_screen.dart:615:39: Error: Not a constant expression.
                      _navigate(const SettingsScreen());
                                      ^^^^^^^^^^^^^^
lib/screens/home_screen.dart:714:46: Error: Not a constant expression.
            onPressed: () => _navigate(const HelpScreen()),
                                             ^^^^^^^^^^
lib/screens/home_screen.dart:718:46: Error: Not a constant expression.
            onPressed: () => _navigate(const CategoryScreen()),
                                             ^^^^^^^^^^^^^^
lib/screens/home_screen.dart:796:58: Error: Not a constant expression.
                        onPressed: () => _navigate(const HelpScreen()),
                                                         ^^^^^^^^^^
lib/screens/home_screen.dart:1129:25: Error: Not a constant expression.
        _navigate(const CategoryScreen());
                        ^^^^^^^^^^^^^^
lib/widgets/app_drawer.dart:82:30: Error: Not a constant expression.
              navigate(const SettingsScreen());
                             ^^^^^^^^^^^^^^
lib/widgets/app_drawer.dart:92:30: Error: Not a constant expression.
              navigate(const CategoryScreen());
                             ^^^^^^^^^^^^^^
lib/widgets/app_drawer.dart:118:30: Error: Not a constant expression.
              navigate(const DataManagementScreen());
                             ^^^^^^^^^^^^^^^^^^^^
lib/widgets/app_drawer.dart:132:30: Error: Not a constant expression.
              navigate(const HelpScreen());
                             ^^^^^^^^^^
Target kernel_snapshot_program failed: Exception


FAILURE: Build failed with an exception.

* What went wrong:
Execution failed for task ':app:compileFlutterBuildRelease'.
> Process 'command 'C:\Users\Abreu\flutter\bin\flutter.bat'' finished with non-zero exit value 1

* Try:
> Run with --stacktrace option to get the stack trace.
> Run with --info or --debug option to get more log output.
> Run with --scan to get full insights.
> Get more help at https://help.gradle.org.

BUILD FAILED in 16s
Running Gradle task 'assembleRelease'...                           16,6s
Gradle task assembleRelease failed with exit code 1
